yosys  -q -p "synth_ice40 -abc9 -device u -dsp -top SOC -json SOC.json" riscv.v
nextpnr-ice40 --force --json SOC.json --pcf VSDSquadronFM.pcf --asc SOC.asc --freq 10 --up5k --package sg48 --opt-timing
Info: constrained 'LEDS[0]' to bel 'X4/Y31/io0'
Info: constrained 'LEDS[1]' to bel 'X6/Y31/io0'
Info: constrained 'LEDS[2]' to bel 'X5/Y31/io0'
Info: constrained 'LEDS[3]' to bel 'X19/Y31/io1'
Info: constrained 'LEDS[4]' to bel 'X18/Y31/io0'
Info: constrained 'RESET' to bel 'X19/Y31/io0'
Warning: unmatched constraint 'CLK' (on line 9)
Info: constrained 'TXD' to bel 'X9/Y0/io0'
Info: constrained 'RXD' to bel 'X9/Y0/io1'

Info: Packing constants..
Info: Packing IOs..
Info: Packing LUT-FFs..
Info:     1034 LCs used as LUT4 only
Info:       70 LCs used as LUT4 and DFF
Info: Packing non-LUT FFs..
Info:       42 LCs used as DFF only
Info: Packing carries..
Info:       10 LCs used as CARRY only
Info: Packing indirect carry+LUT pairs...
Info:        0 LUTs merged into carry LCs
Info: Packing RAMs..
Info: Placing PLLs..
Info: Packing special functions..
Info:   constrained ICESTORM_HFOSC 'hfosc_OSC' to X0/Y31/hfosc_1
Info:     Derived frequency constraint of 12.0 MHz for net clk
Info: Packing PLLs..
Info: Promoting globals..
Info: promoting RESET_SB_DFFR_R_Q_SB_LUT4_I3_O_SB_LUT4_I3_O[1] [reset] (fanout 34)
Info: promoting RESET$SB_IO_IN [reset] (fanout 16)
Info: promoting CPU.instr_SB_DFFE_Q_E [cen] (fanout 32)
Info: promoting CPU.PC_SB_DFFESR_Q_30_E_SB_LUT4_O_I0_SB_LUT4_I2_O [cen] (fanout 30)
Info: Constraining chains...
Info:        3 LCs used to legalise carry chains.
Info: Checksum: 0x54204455

Info: Device utilisation:
Info: 	         ICESTORM_LC:    1161/   5280    21%
Info: 	        ICESTORM_RAM:      16/     30    53%
Info: 	               SB_IO:       8/     39    20%
Info: 	               SB_GB:       5/      8    62%
Info: 	        ICESTORM_PLL:       0/      1     0%
Info: 	         SB_WARMBOOT:       0/      1     0%
Info: 	        ICESTORM_DSP:       0/      8     0%
Info: 	      ICESTORM_HFOSC:       1/      1   100%
Info: 	      ICESTORM_LFOSC:       0/      1     0%
Info: 	              SB_I2C:       0/      2     0%
Info: 	              SB_SPI:       0/      2     0%
Info: 	              IO_I3C:       0/      2     0%
Info: 	         SB_LEDDA_IP:       0/      1     0%
Info: 	         SB_RGBA_DRV:       0/      1     0%
Info: 	      ICESTORM_SPRAM:       0/      4     0%

Info: Placed 10 cells based on constraints.
Info: Creating initial analytic placement for 1010 cells, random placement wirelen = 31912.
Info:     at initial placer iter 0, wirelen = 424
Info:     at initial placer iter 1, wirelen = 378
Info:     at initial placer iter 2, wirelen = 392
Info:     at initial placer iter 3, wirelen = 402
Info: Running main analytical placer, max placement attempts per cell = 177310.
Info:     at iteration #1, type ALL: wirelen solved = 392, spread = 9653, legal = 10309; time = 0.04s
Info:     at iteration #2, type ALL: wirelen solved = 508, spread = 9865, legal = 10558; time = 0.04s
Info:     at iteration #3, type ALL: wirelen solved = 493, spread = 10354, legal = 10939; time = 0.04s
Info:     at iteration #4, type ALL: wirelen solved = 543, spread = 10666, legal = 10835; time = 0.04s
Info:     at iteration #5, type ALL: wirelen solved = 664, spread = 10343, legal = 10875; time = 0.04s
Info:     at iteration #6, type ALL: wirelen solved = 622, spread = 10248, legal = 10611; time = 0.04s
Info: HeAP Placer Time: 0.47s
Info:   of which solving equations: 0.32s
Info:   of which spreading cells: 0.03s
Info:   of which strict legalisation: 0.03s

Info: Running simulated annealing placer for refinement.
Info:   at iteration #1: temp = 0.000000, timing cost = 2060, wirelen = 10309
Info:   at iteration #5: temp = 0.000000, timing cost = 1789, wirelen = 7596
Info:   at iteration #10: temp = 0.000000, timing cost = 1855, wirelen = 7204
Info:   at iteration #15: temp = 0.000000, timing cost = 1695, wirelen = 7053
Info:   at iteration #20: temp = 0.000000, timing cost = 1660, wirelen = 6804
Info:   at iteration #23: temp = 0.000000, timing cost = 1750, wirelen = 6773 
Info: SA placement time 2.43s

Info: Max frequency for clock 'clk': 22.54 MHz (PASS at 12.00 MHz)

Info: Max delay <async>     -> posedge clk: 9.49 ns
Info: Max delay posedge clk -> <async>    : 15.77 ns

Info: Slack histogram:
Info:  legend: * represents 3 endpoint(s)
Info:          + represents [1,3) endpoint(s)
Info: [ 38960,  40996) |*********+
Info: [ 40996,  43032) |*********************+
Info: [ 43032,  45068) | 
Info: [ 45068,  47104) |+
Info: [ 47104,  49140) |******+
Info: [ 49140,  51176) |***+
Info: [ 51176,  53212) |***********+
Info: [ 53212,  55248) |*****+
Info: [ 55248,  57284) |*+
Info: [ 57284,  59320) |**********+
Info: [ 59320,  61356) |*********************************************+
Info: [ 61356,  63392) |************************************************************ 
Info: [ 63392,  65428) |*********************************+
Info: [ 65428,  67464) |********+
Info: [ 67464,  69500) |****+
Info: [ 69500,  71536) |***+
Info: [ 71536,  73572) |*+
Info: [ 73572,  75608) |******+
Info: [ 75608,  77644) |*************+
Info: [ 77644,  79680) |******************************+
Info: Checksum: 0x57209732
Info: Running timing-driven placement optimisation...
Info:    Iteration 0...
Info:    Iteration 1...
Info:    Iteration 2...
Info:    Iteration 3...
Info:    Iteration 4...
Info:    Iteration 5...
Info:    Iteration 6...
Info:    Iteration 7...
Info:    Iteration 8...
Info:    Iteration 9...
Info:    Iteration 10...
Info:    Iteration 11...
Info:    Iteration 12...
Info:    Iteration 13...
Info:    Iteration 14...
Info:    Iteration 15...
Info:    Iteration 16...
Info:    Iteration 17...
Info:    Iteration 18...
Info:    Iteration 19...
Info:    Iteration 20...
Info:    Iteration 21...
Info:    Iteration 22...
Info:    Iteration 23...
Info:    Iteration 24...
Info:    Iteration 25...
Info:    Iteration 26...
Info:    Iteration 27...
Info:    Iteration 28...
Info:    Iteration 29...

Info: Routing..
Info: Setting up routing queue.
Info: Routing 4528 arcs.
Info:            |   (re-)routed arcs  |   delta    | remaining|       time spent     |
Info:    IterCnt |  w/ripup   wo/ripup |  w/r  wo/r |      arcs| batch(sec) total(sec)|
Info:       1000 |      239        760 |  239   760 |      3841|       0.64       0.64|
Info:       2000 |      849       1150 |  610   390 |      3648|       0.70       1.35|
Info:       3000 |     1433       1566 |  584   416 |      3467|       0.68       2.03|
Info:       4000 |     2114       1885 |  681   319 |      3402|       0.68       2.71|
Info:       5000 |     2791       2208 |  677   323 |      3333|       0.76       3.47|
Info:       6000 |     3464       2535 |  673   327 |      3226|       0.68       4.15|
Info:       7000 |     4149       2850 |  685   315 |      3150|       0.72       4.87|
Info:       8000 |     4810       3189 |  661   339 |      3076|       0.85       5.72|
Info:       9000 |     5526       3473 |  716   284 |      3038|       0.74       6.47|
Info:      10000 |     6238       3761 |  712   288 |      2997|       0.73       7.19|
Info:      11000 |     6942       4057 |  704   296 |      2947|       0.77       7.97|
Info:      12000 |     7687       4312 |  745   255 |      2929|       0.82       8.78|
Info:      13000 |     8444       4555 |  757   243 |      2900|       0.92       9.71|
Info:      14000 |     9158       4841 |  714   286 |      2886|       0.83      10.53|
Info:      15000 |     9823       5176 |  665   335 |      2806|       0.91      11.44|
Info:      16000 |    10557       5442 |  734   266 |      2768|       0.88      12.32|
Info:      17000 |    11260       5739 |  703   297 |      2757|       0.82      13.14|
Info:      18000 |    11873       6126 |  613   387 |      2715|       0.92      14.05|
Info:      19000 |    12587       6412 |  714   286 |      2691|       0.82      14.87|
Info:      20000 |    13307       6692 |  720   280 |      2655|       0.90      15.77|
Info:      21000 |    13992       7007 |  685   315 |      2596|       0.92      16.69|
Info:      22000 |    14745       7254 |  753   247 |      2551|       0.99      17.68|
Info:      23000 |    15480       7519 |  735   265 |      2496|       0.92      18.60|
Info:      24000 |    16122       7877 |  642   358 |      2462|       1.05      19.65|
Info:      25000 |    16784       8215 |  662   338 |      2435|       0.84      20.50|
Info:      26000 |    17488       8511 |  704   296 |      2384|       1.02      21.52|
Info:      27000 |    18218       8781 |  730   270 |      2359|       0.93      22.45|
Info:      28000 |    18856       9143 |  638   362 |      2306|       0.93      23.38|
Info:      29000 |    19657       9342 |  801   199 |      2310|       1.10      24.47|
Info:      30000 |    20347       9652 |  690   310 |      2288|       1.24      25.71|
Info:      31000 |    21080       9919 |  733   267 |      2270|       1.16      26.87|
Info:      32000 |    21847      10152 |  767   233 |      2288|       0.89      27.77|
Info:      33000 |    22677      10322 |  830   170 |      2298|       1.04      28.81|
Info:      34000 |    23352      10647 |  675   325 |      2270|       0.85      29.66|
Info:      35000 |    24092      10907 |  740   260 |      2312|       0.82      30.47|
Info:      36000 |    24807      11192 |  715   285 |      2248|       1.30      31.77|
Info:      37000 |    25542      11457 |  735   265 |      2229|       1.40      33.17|
Info:      38000 |    26223      11776 |  681   319 |      2169|       0.94      34.11|
Info:      39000 |    26867      12132 |  644   356 |      2124|       1.45      35.56|
Info:      40000 |    27659      12340 |  792   208 |      2137|       1.26      36.82|
Info:      41000 |    28406      12574 |  747   234 |      2078|       1.42      38.25|
Info:      42000 |    29215      12765 |  809   191 |      2098|       1.19      39.43|
Info:      43000 |    29908      13072 |  693   307 |      2066|       1.22      40.65|
Info:      44000 |    30658      13302 |  750   230 |      1971|       1.27      41.92|
Info:      45000 |    31393      13549 |  735   247 |      1905|       1.48      43.40|
Info:      46000 |    32141      13796 |  748   247 |      1855|       2.10      45.49|
Info:      47000 |    32916      14020 |  775   224 |      1850|       1.35      46.84|
Info:      48000 |    33663      14269 |  747   249 |      1779|       0.90      47.74|
Info:      49000 |    34419      14513 |  756   244 |      1762|       1.69      49.43|
Info:      50000 |    35161      14771 |  742   258 |      1717|       1.54      50.96|
Info:      51000 |    35847      15078 |  686   307 |      1608|       1.14      52.10|
Info:      52000 |    36643      15282 |  796   204 |      1578|       1.32      53.42|
Info:      53000 |    37410      15515 |  767   233 |      1563|       1.75      55.17|
Info:      54000 |    38231      15694 |  821   179 |      1557|       1.20      56.37|
Info:      55000 |    38980      15945 |  749   251 |      1503|       0.88      57.25|
Info:      56000 |    39782      16143 |  802   198 |      1448|       1.32      58.57|
Info:      57000 |    40553      16372 |  771   229 |      1454|       1.75      60.32|
Info:      58000 |    41322      16603 |  769   231 |      1418|       1.29      61.62|
Info:      59000 |    41963      16962 |  641   359 |      1379|       1.48      63.10|
Info:      60000 |    42678      17247 |  715   285 |      1334|       1.38      64.47|
Info:      61000 |    43384      17541 |  706   294 |      1279|       1.84      66.32|
Info:      62000 |    44104      17821 |  720   280 |      1261|       1.41      67.73|
Info:      63000 |    44852      18073 |  748   252 |      1209|       1.47      69.20|
Info:      64000 |    45564      18361 |  712   288 |      1135|       1.36      70.56|
Info:      65000 |    46330      18595 |  766   234 |      1082|       1.93      72.49|
Info:      66000 |    47047      18878 |  717   283 |      1084|       2.32      74.81|
Info:      67000 |    47720      19205 |  673   327 |      1031|       1.78      76.59|
Info:      68000 |    48448      19477 |  728   272 |       980|       2.37      78.96|
Info:      69000 |    49179      19746 |  731   269 |       954|       2.79      81.75|
Info:      70000 |    49995      19930 |  816   184 |       932|       2.93      84.67|
Info:      71000 |    50745      20154 |  750   224 |       842|       2.04      86.71|
Info:      72000 |    51480      20419 |  735   265 |       777|       2.28      88.99|
Info:      73000 |    52115      20784 |  635   365 |       730|       2.83      91.82|
Info:      74000 |    52916      20983 |  801   199 |       708|       2.04      93.86|
Info:      75000 |    53639      21260 |  723   277 |       662|       2.82      96.69|
Info:      76000 |    54281      21596 |  642   336 |       576|       1.93      98.61|
Info:      77000 |    54939      21935 |  658   339 |       463|       2.61     101.22|
Info:      78000 |    55710      22164 |  771   229 |       442|       2.21     103.43|
Info:      79000 |    56482      22392 |  772   228 |       438|       4.96     108.38|
Info:      80000 |    57150      22711 |  668   319 |       364|       2.91     111.29|
Info:      81000 |    57976      22885 |  826   174 |       333|       1.98     113.28|
Info:      82000 |    58711      23150 |  735   265 |       291|       3.12     116.40|
Info:      83000 |    59450      23411 |  739   261 |       275|       3.37     119.76|
Info:      84000 |    60155      23706 |  705   295 |       281|       3.50     123.26|
Info:      85000 |    60833      24028 |  678   322 |       252|       2.46     125.72|
Info:      86000 |    61521      24340 |  688   312 |       240|       3.30     129.02|
Info:      87000 |    62207      24645 |  686   305 |       179|       2.43     131.46|
Info:      87750 |    62664      24939 |  457   294 |         0|       4.36     135.82|
Info: Routing complete.
Info: Router1 time 135.82s
Info: Checksum: 0xa4616d02

Info: Critical path report for clock 'clk' (posedge -> posedge):
Info:       type curr  total name
Info:   clk-to-q  1.39  1.39 Source CPU.instr_SB_DFFE_Q_29_DFFLC.O
Info:    routing  2.95  4.34 Net CPU.instr[2] (11,26) -> (14,27)
Info:                          Sink CPU.state_SB_DFFESR_Q_D_SB_LUT4_O_2_I3_SB_LUT4_O_I3_SB_LUT4_O_LC.I1
Info:                          Defined in:
Info:                               /usr/local/bin/../share/yosys/ice40/cells_map.v:6.21-6.22
Info:      logic  1.23  5.57 Source CPU.state_SB_DFFESR_Q_D_SB_LUT4_O_2_I3_SB_LUT4_O_I3_SB_LUT4_O_LC.O
Info:    routing  2.95  8.52 Net CPU.nextPC_SB_LUT4_O_I2_SB_LUT4_O_1_I2_SB_LUT4_O_I2[3] (14,27) -> (11,25)
Info:                          Sink CPU.nextPC_SB_LUT4_O_I2_SB_LUT4_O_1_I2_SB_LUT4_O_I2_SB_LUT4_I2_LC.I3
Info:                          Defined in:
Info:                               /usr/local/bin/../share/yosys/ice40/cells_map.v:6.21-6.22
Info:      logic  0.87  9.40 Source CPU.nextPC_SB_LUT4_O_I2_SB_LUT4_O_1_I2_SB_LUT4_O_I2_SB_LUT4_I2_LC.O
Info:    routing  3.49  12.89 Net CPU.mem_rdata_SB_LUT4_O_4_I2_SB_LUT4_I1_O_SB_LUT4_I3_O_SB_LUT4_O_I2_SB_LUT4_O_I2_SB_LUT4_O_1_I3_SB_LUT4_O_I2_SB_LUT4_O_I2_SB_LUT4_O_1_I1[2] (11,25) -> (15,29)
Info:                          Sink CPU.mem_rdata_SB_LUT4_O_4_I2_SB_LUT4_I1_O_SB_LUT4_I3_O_SB_LUT4_O_I2_SB_LUT4_O_I3_SB_LUT4_O_I2_SB_LUT4_O_I2_SB_LUT4_O_I3_SB_LUT4_O_I2_SB_LUT4_I1_O_SB_LUT4_O_I1_SB_LUT4_I2_LC.I3
Info:                          Defined in:
Info:                               riscv.v:104.26-104.41
Info:                               /usr/local/bin/../share/yosys/ice40/arith_map.v:62.5-70.4
Info:                               /usr/local/bin/../share/yosys/ice40/cells_map.v:6.21-6.22
Info:      logic  0.87  13.77 Source CPU.mem_rdata_SB_LUT4_O_4_I2_SB_LUT4_I1_O_SB_LUT4_I3_O_SB_LUT4_O_I2_SB_LUT4_O_I3_SB_LUT4_O_I2_SB_LUT4_O_I2_SB_LUT4_O_I3_SB_LUT4_O_I2_SB_LUT4_I1_O_SB_LUT4_O_I1_SB_LUT4_I2_LC.O
Info:    routing  3.84  17.61 Net CPU.mem_rdata_SB_LUT4_O_4_I2_SB_LUT4_I1_O_SB_LUT4_I3_O_SB_LUT4_O_I2_SB_LUT4_O_I3_SB_LUT4_O_I2_SB_LUT4_O_I2_SB_LUT4_O_I3_SB_LUT4_O_I2_SB_LUT4_I1_O_SB_LUT4_I3_2_I2[2] (15,29) -> (14,22)
Info:                          Sink CPU.mem_rdata_SB_LUT4_O_4_I2_SB_LUT4_I1_O_SB_LUT4_I3_O_SB_LUT4_O_I2_SB_LUT4_O_I3_SB_LUT4_O_I2_SB_LUT4_O_I2_SB_LUT4_O_I3_SB_LUT4_O_I2_SB_LUT4_I1_O_SB_LUT4_I3_O_SB_LUT4_O_LC.I3
Info:                          Defined in:
Info:                               /usr/local/bin/../share/yosys/ice40/cells_map.v:6.21-6.22
Info:      logic  0.87  18.48 Source CPU.mem_rdata_SB_LUT4_O_4_I2_SB_LUT4_I1_O_SB_LUT4_I3_O_SB_LUT4_O_I2_SB_LUT4_O_I3_SB_LUT4_O_I2_SB_LUT4_O_I2_SB_LUT4_O_I3_SB_LUT4_O_I2_SB_LUT4_I1_O_SB_LUT4_I3_O_SB_LUT4_O_LC.O
Info:    routing  2.99  21.47 Net CPU.mem_rdata_SB_LUT4_O_4_I2_SB_LUT4_I1_O_SB_LUT4_I3_O_SB_LUT4_O_I2_SB_LUT4_O_I3_SB_LUT4_O_I2_SB_LUT4_O_I2_SB_LUT4_O_I3_SB_LUT4_O_I2_SB_LUT4_I1_O_SB_LUT4_I3_O[1] (14,22) -> (14,27)
Info:                          Sink CPU.mem_rdata_SB_LUT4_O_4_I2_SB_LUT4_I1_O_SB_LUT4_I3_O_SB_LUT4_O_I2_SB_LUT4_O_I3_SB_LUT4_O_I2_SB_LUT4_O_I2_SB_LUT4_O_I3_SB_LUT4_O_I2_SB_LUT4_I1_O_SB_LUT4_I3_O_SB_LUT4_I3_LC.I2
Info:                          Defined in:
Info:                               /usr/local/bin/../share/yosys/ice40/cells_map.v:6.21-6.22
Info:      logic  1.21  22.68 Source CPU.mem_rdata_SB_LUT4_O_4_I2_SB_LUT4_I1_O_SB_LUT4_I3_O_SB_LUT4_O_I2_SB_LUT4_O_I3_SB_LUT4_O_I2_SB_LUT4_O_I2_SB_LUT4_O_I3_SB_LUT4_O_I2_SB_LUT4_I1_O_SB_LUT4_I3_O_SB_LUT4_I3_LC.O
Info:    routing  2.41  25.09 Net CPU.mem_rdata_SB_LUT4_O_9_I2_SB_LUT4_I0_O_SB_LUT4_I2_O_SB_LUT4_O_I3_SB_LUT4_O_I3_SB_LUT4_O_I3_SB_LUT4_O_I3[2] (14,27) -> (15,29)
Info:                          Sink CPU.mem_rdata_SB_LUT4_O_9_I2_SB_LUT4_I0_O_SB_LUT4_I2_O_SB_LUT4_O_I3_SB_LUT4_O_I3_SB_LUT4_O_I3_SB_LUT4_O_LC.I3
Info:                          Defined in:
Info:                               /usr/local/bin/../share/yosys/ice40/cells_map.v:6.21-6.22
Info:      logic  0.87  25.96 Source CPU.mem_rdata_SB_LUT4_O_9_I2_SB_LUT4_I0_O_SB_LUT4_I2_O_SB_LUT4_O_I3_SB_LUT4_O_I3_SB_LUT4_O_I3_SB_LUT4_O_LC.O
Info:    routing  2.95  28.91 Net CPU.mem_rdata_SB_LUT4_O_9_I2_SB_LUT4_I0_O_SB_LUT4_I2_O_SB_LUT4_O_I3_SB_LUT4_O_I3_SB_LUT4_O_I3[1] (15,29) -> (11,28)
Info:                          Sink CPU.mem_rdata_SB_LUT4_O_9_I2_SB_LUT4_I0_O_SB_LUT4_I2_O_SB_LUT4_O_I3_SB_LUT4_O_I3_SB_LUT4_O_LC.I2
Info:                          Defined in:
Info:                               /usr/local/bin/../share/yosys/ice40/cells_map.v:6.21-6.22
Info:      logic  1.21  30.12 Source CPU.mem_rdata_SB_LUT4_O_9_I2_SB_LUT4_I0_O_SB_LUT4_I2_O_SB_LUT4_O_I3_SB_LUT4_O_I3_SB_LUT4_O_LC.O
Info:    routing  3.06  33.17 Net CPU.mem_rdata_SB_LUT4_O_9_I2_SB_LUT4_I0_O_SB_LUT4_I2_O_SB_LUT4_O_I3_SB_LUT4_O_I2[3] (11,28) -> (12,23)
Info:                          Sink CPU.mem_rdata_SB_LUT4_O_9_I2_SB_LUT4_I0_O_SB_LUT4_I2_O_SB_LUT4_O_I3_SB_LUT4_O_I3_SB_LUT4_I3_LC.I3
Info:                          Defined in:
Info:                               /usr/local/bin/../share/yosys/ice40/cells_map.v:6.21-6.22
Info:      logic  0.87  34.05 Source CPU.mem_rdata_SB_LUT4_O_9_I2_SB_LUT4_I0_O_SB_LUT4_I2_O_SB_LUT4_O_I3_SB_LUT4_O_I3_SB_LUT4_I3_LC.O
Info:    routing  2.95  37.00 Net CPU.mem_rdata_SB_LUT4_O_9_I2_SB_LUT4_I0_O_SB_LUT4_I2_O_SB_LUT4_O_I3_SB_LUT4_O_I3_SB_LUT4_I3_O[2] (12,23) -> (10,24)
Info:                          Sink CPU.mem_rdata_SB_LUT4_O_4_I2_SB_LUT4_I1_O_SB_LUT4_I3_O_SB_LUT4_O_I2_SB_LUT4_O_I3_SB_LUT4_O_I2_SB_LUT4_O_I2_SB_LUT4_I3_O_SB_LUT4_I2_O_SB_LUT4_I3_O_SB_LUT4_O_LC.I2
Info:                          Defined in:
Info:                               /usr/local/bin/../share/yosys/ice40/cells_map.v:6.21-6.22
Info:      logic  1.21  38.21 Source CPU.mem_rdata_SB_LUT4_O_4_I2_SB_LUT4_I1_O_SB_LUT4_I3_O_SB_LUT4_O_I2_SB_LUT4_O_I3_SB_LUT4_O_I2_SB_LUT4_O_I2_SB_LUT4_I3_O_SB_LUT4_I2_O_SB_LUT4_I3_O_SB_LUT4_O_LC.O
Info:    routing  1.76  39.97 Net CPU.mem_rdata_SB_LUT4_O_4_I2_SB_LUT4_I1_O_SB_LUT4_I3_O_SB_LUT4_O_I2_SB_LUT4_O_I3_SB_LUT4_O_I2_SB_LUT4_O_I2_SB_LUT4_I3_O_SB_LUT4_I2_O_SB_LUT4_I3_O[2] (10,24) -> (9,23)
Info:                          Sink CPU.nextPC_SB_LUT4_O_22_I1_SB_LUT4_I3_O_SB_LUT4_O_1_I3_SB_LUT4_O_LC.I3
Info:                          Defined in:
Info:                               /usr/local/bin/../share/yosys/ice40/cells_map.v:6.21-6.22
Info:      logic  0.87  40.84 Source CPU.nextPC_SB_LUT4_O_22_I1_SB_LUT4_I3_O_SB_LUT4_O_1_I3_SB_LUT4_O_LC.O
Info:    routing  1.76  42.60 Net CPU.nextPC_SB_LUT4_O_22_I1_SB_LUT4_I3_O_SB_LUT4_O_1_I3[1] (9,23) -> (9,24)
Info:                          Sink CPU.nextPC_SB_LUT4_O_22_I1_SB_LUT4_I3_O_SB_LUT4_O_1_LC.I1
Info:                          Defined in:
Info:                               /usr/local/bin/../share/yosys/ice40/cells_map.v:6.21-6.22
Info:      logic  1.23  43.83 Source CPU.nextPC_SB_LUT4_O_22_I1_SB_LUT4_I3_O_SB_LUT4_O_1_LC.O
Info:    routing  2.95  46.78 Net CPU.nextPC_SB_LUT4_O_22_I1_SB_LUT4_I3_O[3] (9,24) -> (7,21)
Info:                          Sink CPU.RegisterBank.1.1_WDATA_1_SB_LUT4_O_LC.I3
Info:                          Defined in:
Info:                               /usr/local/bin/../share/yosys/ice40/cells_map.v:6.21-6.22
Info:      logic  0.87  47.66 Source CPU.RegisterBank.1.1_WDATA_1_SB_LUT4_O_LC.O
Info:    routing  3.60  51.26 Net CPU.RegisterBank.1.1_WDATA_1 (7,21) -> (6,27)
Info:                          Sink CPU.RegisterBank.0.1_RAM.WDATA_14
Info:      setup  0.10  51.36 Source CPU.RegisterBank.0.1_RAM.WDATA_14
Info: 13.69 ns logic, 37.67 ns routing

Info: Critical path report for cross-domain path '<async>' -> 'posedge clk':
Info:       type curr  total name
Info:     source  0.00  0.00 Source RESET$sb_io.D_IN_0
Info:    routing  1.75  1.75 Net RESET$SB_IO_IN (19,31) -> (19,31)
Info:                          Sink $gbuf_RESET$SB_IO_IN_$glb_sr.USER_SIGNAL_TO_GLOBAL_BUFFER
Info:                          Defined in:
Info:                               riscv.v:315.17-315.22
Info:      logic  1.59  3.34 Source $gbuf_RESET$SB_IO_IN_$glb_sr.GLOBAL_BUFFER_OUTPUT
Info:    routing  0.63  3.97 Net RESET$SB_IO_IN_$glb_sr (19,31) -> (1,21)
Info:                          Sink RESET_SB_DFFR_R_15_Q_SB_LUT4_I2_LC.SR
Info:      setup  0.10  4.07 Source RESET_SB_DFFR_R_15_Q_SB_LUT4_I2_LC.SR
Info: 1.69 ns logic, 2.38 ns routing

Info: Critical path report for cross-domain path 'posedge clk' -> '<async>':
Info:       type curr  total name
Info:   clk-to-q  1.39  1.39 Source UART.data_SB_DFFE_Q_D_SB_LUT4_O_4_LC.O
Info:    routing  1.76  3.15 Net UART.data[5] (16,21) -> (16,20)
Info:                          Sink TXD_SB_LUT4_O_I3_SB_LUT4_O_I3_SB_LUT4_O_1_LC.I0
Info:                          Defined in:
Info:                               emitter_uart.v:20.19-20.23
Info:      logic  1.28  4.43 Source TXD_SB_LUT4_O_I3_SB_LUT4_O_I3_SB_LUT4_O_1_LC.O
Info:    routing  1.76  6.20 Net TXD_SB_LUT4_O_I3_SB_LUT4_O_I3[2] (16,20) -> (16,20)
Info:                          Sink TXD_SB_LUT4_O_I3_SB_LUT4_O_LC.I2
Info:                          Defined in:
Info:                               /usr/local/bin/../share/yosys/ice40/cells_map.v:6.21-6.22
Info:      logic  1.21  7.40 Source TXD_SB_LUT4_O_I3_SB_LUT4_O_LC.O
Info:    routing  1.76  9.16 Net TXD_SB_LUT4_O_I3[1] (16,20) -> (16,19)
Info:                          Sink TXD_SB_LUT4_O_LC.I3
Info:                          Defined in:
Info:                               /usr/local/bin/../share/yosys/ice40/cells_map.v:6.21-6.22
Info:      logic  0.87  10.04 Source TXD_SB_LUT4_O_LC.O
Info:    routing  6.19  16.23 Net TXD$SB_IO_OUT (16,19) -> (9,0)
Info:                          Sink TXD$sb_io.D_OUT_0
Info:                          Defined in:
Info:                               emitter_uart.v:11.21-11.30
Info: 4.75 ns logic, 11.48 ns routing

Info: Max frequency for clock 'clk': 19.47 MHz (PASS at 12.00 MHz)

Info: Max delay <async>     -> posedge clk: 4.07 ns
Info: Max delay posedge clk -> <async>    : 16.23 ns

Info: Slack histogram:
Info:  legend: * represents 2 endpoint(s)
Info:          + represents [1,2) endpoint(s)
Info: [ 31974,  34358) |+
Info: [ 34358,  36742) |**********+
Info: [ 36742,  39126) |*****************************+
Info: [ 39126,  41510) |*****+
Info: [ 41510,  43894) |******+
Info: [ 43894,  46278) |****+
Info: [ 46278,  48662) |************+
Info: [ 48662,  51046) |***************+
Info: [ 51046,  53430) |******+
Info: [ 53430,  55814) |**********************************+
Info: [ 55814,  58198) |*******************************************************+
Info: [ 58198,  60582) |************************************************************ 
Info: [ 60582,  62966) |**********************************************+
Info: [ 62966,  65350) |****+
Info: [ 65350,  67734) |*************************************+
Info: [ 67734,  70118) |****+
Info: [ 70118,  72502) |**+
Info: [ 72502,  74886) |**********+
Info: [ 74886,  77270) |**************************+
Info: [ 77270,  79654) |************************************+
1 warning, 0 errors

Info: Program finished normally.
icetime -p VSDSquadronFM.pcf -P sg48 -r SOC.timings -d up5k -t SOC.asc
// Reading input .pcf file..
// Reading input .asc file..
// Reading 5k chipdb file..
// Creating timing netlist..
Warning: timing analysis not supported for cell type HFOSC
// Timing estimate: 52.63 ns (19.00 MHz)
icepack -s SOC.asc SOC.bin
