sudo picocom -b 9600 /dev/ttyUSB0 --imap lfcrlf,crcrlf --omap delbs,crlf --send-cmd "ascii-xfr -s -l 30 -n"
picocom v3.1

port is        : /dev/ttyUSB0
flowcontrol    : none
baudrate is    : 9600
parity is      : none
databits are   : 8
stopbits are   : 1
escape is      : C-a
local echo is  : no
noinit is      : no
noreset is     : no
hangup is      : no
nolock is      : no
send_cmd is    : ascii-xfr -s -l 30 -n
receive_cmd is : rz -vv -E
imap is        : crcrlf,lfcrlf,
omap is        : crlf,delbs,
emap is        : crcrlf,delbs,
logfile is     : none
initstring     : none
exit_after is  : not set
exit is        : no

Type [C-a] [C-h] to see available commands
Terminal ready
ÿ************************************************************
*                                                          *
*        I N N O V A T E   â¢   B U I L D   â¢   L E A R N   *
*                                                          *
*                  I N A V E D   S E M I C O N             *
*                                                          *
*      R I S C - V - F P G A - I P - D e v e l o p m e n t *
*                                                          *
*                     C R E A T E D   B Y                  *
*                K E Y U R   D O B A R I Y A               *
*                                                          *
************************************************************



[ TASK : GPIO IP Validation ]



[ DATA FLOW ]

GPIO Write -> GPIO Readback -> UART Print



[ RESULTS ]

  [1] 00000000 -> 00000000

  [2] 0000000A -> 0000000A

  [3] 00000055 -> 00000055

  [4] 00000F0F -> 00000F0F

  [5] 12345678 -> 12345678

  [6] A5A5A5A5 -> A5A5A5A5

  [7] A5A5A5A5 -> A5A5A5A5



Validation complete.

Enjoy the glow of GPIO!


FATAL: read zero bytes from port
term_exitfunc: reset failed for dev UNKNOWN: Input/output error
make: *** [Makefile:22: terminal] Error 1
